<?xml version="1.0" encoding="UTF-8"?>
<!-- Generated by org.testng.reporters.JUnitReportReporter -->
<testsuite skipped="0" hostname="admin-PC" name="RestAssuredTestCase.TC_GetRequest" tests="2" failures="0" timestamp="18 Apr 2020 09:52:22 GMT" time="0.254" errors="0">
  <testcase name="VerfiyResposeBody" time="0.252" classname="RestAssuredTestCase.TC_GetRequest"/>
  <testcase name="VerifyStatuCode" time="0.002" classname="RestAssuredTestCase.TC_GetRequest"/>
</testsuite> <!-- RestAssuredTestCase.TC_GetRequest -->
