<?xml version="1.0" encoding="UTF-8"?>
<!-- Generated by org.testng.reporters.JUnitReportReporter -->
<testsuite skipped="0" hostname="admin-PC" name="RestAssured_TestCaes.TC_PostRequest" tests="1" failures="0" timestamp="16 Apr 2020 02:17:49 GMT" time="3.278" errors="0">
  <testcase name="registerCustomer" time="3.278" classname="RestAssured_TestCaes.TC_PostRequest"/>
</testsuite> <!-- RestAssured_TestCaes.TC_PostRequest -->
