<?xml version="1.0" encoding="UTF-8"?>
<!-- Generated by org.testng.reporters.JUnitReportReporter -->
<testsuite skipped="0" hostname="admin-PC" name="RestAssured_TestCase.TC_GetRequest" tests="2" failures="0" timestamp="18 Apr 2020 09:05:47 GMT" time="0.030" errors="0">
  <testcase name="VerfiyResposeBody" time="0.028" classname="RestAssured_TestCase.TC_GetRequest"/>
  <testcase name="VerifyStatuCode" time="0.002" classname="RestAssured_TestCase.TC_GetRequest"/>
</testsuite> <!-- RestAssured_TestCase.TC_GetRequest -->
