<?xml version="1.0" encoding="UTF-8"?>
<!-- Generated by org.testng.reporters.JUnitReportReporter -->
<testsuite skipped="0" hostname="admin-PC" name="RestAssured_TestCaes.TC_DataDrivenExcel" tests="4" failures="0" timestamp="18 Apr 2020 04:41:22 GMT" time="10.649" errors="0">
  <testcase name="postemp" time="0.580" classname="RestAssured_TestCaes.TC_DataDrivenExcel"/>
  <testcase name="postemp" time="7.463" classname="RestAssured_TestCaes.TC_DataDrivenExcel"/>
  <testcase name="postemp" time="0.809" classname="RestAssured_TestCaes.TC_DataDrivenExcel"/>
  <testcase name="postemp" time="1.797" classname="RestAssured_TestCaes.TC_DataDrivenExcel"/>
</testsuite> <!-- RestAssured_TestCaes.TC_DataDrivenExcel -->
