<?xml version="1.0" encoding="UTF-8"?>
<!-- Generated by org.testng.reporters.JUnitReportReporter -->
<testsuite skipped="0" hostname="admin-PC" name="RestAssured_TestCaes.TC_GetRequest" tests="2" failures="0" timestamp="18 Apr 2020 08:16:31 GMT" time="0.037" errors="0">
  <testcase name="VerifyStatuCode" time="0.002" classname="RestAssured_TestCaes.TC_GetRequest"/>
  <testcase name="VerfiyResposeBody" time="0.035" classname="RestAssured_TestCaes.TC_GetRequest"/>
</testsuite> <!-- RestAssured_TestCaes.TC_GetRequest -->
