<?xml version="1.0" encoding="UTF-8"?>
<!-- Generated by org.testng.reporters.JUnitReportReporter -->
<testsuite skipped="0" hostname="admin-PC" name="RestAssured_TestCaes.TC_VerifyJasonBodyResponse" tests="1" failures="0" timestamp="18 Apr 2020 07:45:34 GMT" time="0.044" errors="0">
  <testcase name="ResponseBody" time="0.044" classname="RestAssured_TestCaes.TC_VerifyJasonBodyResponse"/>
</testsuite> <!-- RestAssured_TestCaes.TC_VerifyJasonBodyResponse -->
