<?xml version="1.0" encoding="UTF-8"?>
<!-- Generated by org.testng.reporters.JUnitReportReporter -->
<testsuite skipped="0" hostname="admin-PC" name="RestAssured_TestCaes.DataDrivenSimpleApproach" tests="2" failures="0" timestamp="17 Apr 2020 07:29:48 GMT" time="8.637" errors="0">
  <testcase name="DDT" time="0.738" classname="RestAssured_TestCaes.DataDrivenSimpleApproach"/>
  <testcase name="DDT" time="7.899" classname="RestAssured_TestCaes.DataDrivenSimpleApproach"/>
</testsuite> <!-- RestAssured_TestCaes.DataDrivenSimpleApproach -->
