<?xml version="1.0" encoding="UTF-8"?>
<!-- Generated by org.testng.reporters.JUnitReportReporter -->
<testsuite skipped="0" hostname="admin-PC" name="RestAssuredTestCase.TC_GetRequest" tests="2" failures="0" timestamp="19 Apr 2020 03:45:43 GMT" time="0.023" errors="0">
  <testcase name="VerfiyResposeBody" time="0.022" classname="RestAssuredTestCase.TC_GetRequest"/>
  <testcase name="VerifyStatuCode" time="0.001" classname="RestAssuredTestCase.TC_GetRequest"/>
</testsuite> <!-- RestAssuredTestCase.TC_GetRequest -->
